17-Feb-2026 14:47:02.047 INFO [main] org.apache.catalina.startup.VersionLoggerListener.log Server version name:   Apache Tomcat/11.0.15
17-Feb-2026 14:47:02.052 INFO [main] org.apache.catalina.startup.VersionLoggerListener.log Server built:          Dec 2 2025 16:32:48 UTC
17-Feb-2026 14:47:02.054 INFO [main] org.apache.catalina.startup.VersionLoggerListener.log Server version number: 11.0.15.0
17-Feb-2026 14:47:02.054 INFO [main] org.apache.catalina.startup.VersionLoggerListener.log OS Name:               Windows 11
17-Feb-2026 14:47:02.055 INFO [main] org.apache.catalina.startup.VersionLoggerListener.log OS Version:            10.0
17-Feb-2026 14:47:02.055 INFO [main] org.apache.catalina.startup.VersionLoggerListener.log Architecture:          amd64
17-Feb-2026 14:47:02.056 INFO [main] org.apache.catalina.startup.VersionLoggerListener.log Java Home:             C:\Program Files\AdoptOpenJDK\jdk-24.0.2
17-Feb-2026 14:47:02.056 INFO [main] org.apache.catalina.startup.VersionLoggerListener.log JVM Version:           24.0.2+12-54
17-Feb-2026 14:47:02.058 INFO [main] org.apache.catalina.startup.VersionLoggerListener.log JVM Vendor:            Oracle Corporation
17-Feb-2026 14:47:02.060 INFO [main] org.apache.catalina.startup.VersionLoggerListener.log CATALINA_BASE:         C:\Users\Sila\OneDrive - HE-ARC\Bureau\apache-tomcat-11.0.15
17-Feb-2026 14:47:02.060 INFO [main] org.apache.catalina.startup.VersionLoggerListener.log CATALINA_HOME:         C:\Users\Sila\OneDrive - HE-ARC\Bureau\apache-tomcat-11.0.15
17-Feb-2026 14:47:02.092 INFO [main] org.apache.catalina.startup.VersionLoggerListener.log Command line argument: -Djava.util.logging.config.file=C:\Users\Sila\OneDrive - HE-ARC\Bureau\apache-tomcat-11.0.15\conf\logging.properties
17-Feb-2026 14:47:02.093 INFO [main] org.apache.catalina.startup.VersionLoggerListener.log Command line argument: -Djava.util.logging.manager=org.apache.juli.ClassLoaderLogManager
17-Feb-2026 14:47:02.094 INFO [main] org.apache.catalina.startup.VersionLoggerListener.log Command line argument: -Djdk.tls.ephemeralDHKeySize=2048
17-Feb-2026 14:47:02.095 INFO [main] org.apache.catalina.startup.VersionLoggerListener.log Command line argument: --add-opens=java.base/java.lang=ALL-UNNAMED
17-Feb-2026 14:47:02.095 INFO [main] org.apache.catalina.startup.VersionLoggerListener.log Command line argument: --add-opens=java.base/java.lang.reflect=ALL-UNNAMED
17-Feb-2026 14:47:02.096 INFO [main] org.apache.catalina.startup.VersionLoggerListener.log Command line argument: --add-opens=java.base/java.io=ALL-UNNAMED
17-Feb-2026 14:47:02.097 INFO [main] org.apache.catalina.startup.VersionLoggerListener.log Command line argument: --add-opens=java.base/java.util=ALL-UNNAMED
17-Feb-2026 14:47:02.098 INFO [main] org.apache.catalina.startup.VersionLoggerListener.log Command line argument: --add-opens=java.base/java.util.concurrent=ALL-UNNAMED
17-Feb-2026 14:47:02.098 INFO [main] org.apache.catalina.startup.VersionLoggerListener.log Command line argument: --add-opens=java.rmi/sun.rmi.transport=ALL-UNNAMED
17-Feb-2026 14:47:02.099 INFO [main] org.apache.catalina.startup.VersionLoggerListener.log Command line argument: --enable-native-access=ALL-UNNAMED
17-Feb-2026 14:47:02.099 INFO [main] org.apache.catalina.startup.VersionLoggerListener.log Command line argument: -Dcatalina.base=C:\Users\Sila\OneDrive - HE-ARC\Bureau\apache-tomcat-11.0.15
17-Feb-2026 14:47:02.100 INFO [main] org.apache.catalina.startup.VersionLoggerListener.log Command line argument: -Dcatalina.home=C:\Users\Sila\OneDrive - HE-ARC\Bureau\apache-tomcat-11.0.15
17-Feb-2026 14:47:02.100 INFO [main] org.apache.catalina.startup.VersionLoggerListener.log Command line argument: -Djava.io.tmpdir=C:\Users\Sila\OneDrive - HE-ARC\Bureau\apache-tomcat-11.0.15\temp
17-Feb-2026 14:47:02.112 INFO [main] org.apache.catalina.core.AprLifecycleListener.lifecycleEvent The Apache Tomcat Native library which allows using OpenSSL was not found on the java.library.path: [C:\Program Files\AdoptOpenJDK\jdk-24.0.2\bin;C:\WINDOWS\Sun\Java\bin;C:\WINDOWS\system32;C:\WINDOWS;C:\Program Files\WindowsApps\Microsoft.PowerShell_7.5.4.0_x64__8wekyb3d8bbwe;C:\Program Files (x86)\VMware\VMware Workstation\bin\;C:\Program Files\AdoptOpenJDK\jdk-24.0.2\bin;c:\Oracle\SQLcl\bin;C:\WINDOWS\system32;C:\WINDOWS;C:\WINDOWS\System32\Wbem;C:\WINDOWS\System32\WindowsPowerShell\v1.0\;C:\WINDOWS\System32\OpenSSH\;C:\FPC\3.2.2\bin\i386-Win32;C:\Program Files\Git\cmd;C:\Program Files\nodejs\;C:\apache-maven-3.9.11\bin;;C:\Program Files\Docker\Docker\resources\bin;C:\Users\Sila\AppData\Local\Programs\Python\Launcher\;C:\Users\Sila\scoop\apps\python\current\Scripts;C:\Users\Sila\scoop\apps\python\current;C:\Users\Sila\scoop\shims;C:\Program Files\AdoptOpenJDK\jdk-24.0.2\bin;C:\Users\Sila\AppData\Local\Microsoft\WindowsApps;c:\users\sila\.local\bin;c:\users\sila\appdata\roaming\python\python312\scripts;C:\Users\Sila\AppData\Local\Microsoft\WindowsApps;C:\Users\Sila\AppData\Local\Programs\Microsoft VS Code\bin;C:\Users\Sila\AppData\Roaming\npm;C:\Users\Sila\AppData\Local\Microsoft\WinGet\Packages\SQLite.SQLite_Microsoft.Winget.Source_8wekyb3d8bbwe;C:\Users\Sila\AppData\Local\Microsoft\WinGet\Packages\Hashicorp.Terraform_Microsoft.Winget.Source_8wekyb3d8bbwe;;.]
17-Feb-2026 14:47:02.629 INFO [main] org.apache.coyote.AbstractProtocol.init Initializing ProtocolHandler ["http-nio-8080"]
17-Feb-2026 14:47:02.704 INFO [main] org.apache.catalina.startup.Catalina.load Server initialization in [1017] milliseconds
17-Feb-2026 14:47:02.922 INFO [main] org.apache.catalina.core.StandardService.startInternal Starting service [Catalina]
17-Feb-2026 14:47:02.923 INFO [main] org.apache.catalina.core.StandardEngine.startInternal Starting Servlet engine: [Apache Tomcat/11.0.15]
17-Feb-2026 14:47:02.957 INFO [main] org.apache.catalina.startup.HostConfig.deployDirectory Deploying web application directory [C:\Users\Sila\OneDrive - HE-ARC\Bureau\apache-tomcat-11.0.15\webapps\docs]
17-Feb-2026 14:47:04.115 INFO [main] org.apache.catalina.startup.HostConfig.deployDirectory Deployment of web application directory [C:\Users\Sila\OneDrive - HE-ARC\Bureau\apache-tomcat-11.0.15\webapps\docs] has finished in [1,155] ms
17-Feb-2026 14:47:04.117 INFO [main] org.apache.catalina.startup.HostConfig.deployDirectory Deploying web application directory [C:\Users\Sila\OneDrive - HE-ARC\Bureau\apache-tomcat-11.0.15\webapps\examples]
17-Feb-2026 14:47:05.029 INFO [main] org.apache.catalina.startup.HostConfig.deployDirectory Deployment of web application directory [C:\Users\Sila\OneDrive - HE-ARC\Bureau\apache-tomcat-11.0.15\webapps\examples] has finished in [912] ms
17-Feb-2026 14:47:05.029 INFO [main] org.apache.catalina.startup.HostConfig.deployDirectory Deploying web application directory [C:\Users\Sila\OneDrive - HE-ARC\Bureau\apache-tomcat-11.0.15\webapps\host-manager]
17-Feb-2026 14:47:05.114 INFO [main] org.apache.catalina.startup.HostConfig.deployDirectory Deployment of web application directory [C:\Users\Sila\OneDrive - HE-ARC\Bureau\apache-tomcat-11.0.15\webapps\host-manager] has finished in [84] ms
17-Feb-2026 14:47:05.116 INFO [main] org.apache.catalina.startup.HostConfig.deployDirectory Deploying web application directory [C:\Users\Sila\OneDrive - HE-ARC\Bureau\apache-tomcat-11.0.15\webapps\manager]
17-Feb-2026 14:47:05.216 INFO [main] org.apache.catalina.startup.HostConfig.deployDirectory Deployment of web application directory [C:\Users\Sila\OneDrive - HE-ARC\Bureau\apache-tomcat-11.0.15\webapps\manager] has finished in [101] ms
17-Feb-2026 14:47:05.217 INFO [main] org.apache.catalina.startup.HostConfig.deployDirectory Deploying web application directory [C:\Users\Sila\OneDrive - HE-ARC\Bureau\apache-tomcat-11.0.15\webapps\ROOT]
17-Feb-2026 14:47:13.390 INFO [main] org.apache.jasper.servlet.TldScanner.scanJars At least one JAR was scanned for TLDs yet contained no TLDs. Enable debug logging for this logger for a complete list of JARs that were scanned but no TLDs were found in them. Skipping unneeded JARs during scanning can improve startup time and JSP compilation time.
17-Feb-2026 14:47:14.315 WARNING [main] org.glassfish.jersey.server.wadl.WadlFeature.configure JAXBContext implementation could not be found. WADL feature is disabled.
17-Feb-2026 14:47:14.888 INFO [main] org.jboss.weld.bootstrap.WeldStartup.<clinit> WELD-000900: 6.0.3 (Final)
17-Feb-2026 14:47:15.363 INFO [main] org.jboss.weld.environment.deployment.discovery.ReflectionDiscoveryStrategy.processAnnotatedDiscovery WELD-ENV-000014: Falling back to Java Reflection for bean-discovery-mode="annotated" discovery. Add io.smallrye:jandex to the classpath to speed-up startup.
17-Feb-2026 14:47:15.809 INFO [main] org.jboss.weld.bootstrap.WeldStartup.startContainer WELD-000101: Transactional services not available. Injection of @Inject UserTransaction not available. Transactional observers will be invoked synchronously.
17-Feb-2026 14:47:17.563 INFO [main] org.jboss.weld.environment.se.WeldContainer.fireContainerInitializedEvent WELD-ENV-002003: Weld SE container acbd2a84-0a18-4545-a394-b19695464d88 initialized
17-Feb-2026 14:47:17.975 INFO [main] org.apache.catalina.startup.HostConfig.deployDirectory Deployment of web application directory [C:\Users\Sila\OneDrive - HE-ARC\Bureau\apache-tomcat-11.0.15\webapps\ROOT] has finished in [12,758] ms
17-Feb-2026 14:47:17.977 INFO [main] org.apache.catalina.startup.HostConfig.deployDirectory Deploying web application directory [C:\Users\Sila\OneDrive - HE-ARC\Bureau\apache-tomcat-11.0.15\webapps\ROOT blabla]
17-Feb-2026 14:47:18.072 INFO [main] org.apache.catalina.startup.HostConfig.deployDirectory Deployment of web application directory [C:\Users\Sila\OneDrive - HE-ARC\Bureau\apache-tomcat-11.0.15\webapps\ROOT blabla] has finished in [95] ms
17-Feb-2026 14:47:18.086 INFO [main] org.apache.coyote.AbstractProtocol.start Starting ProtocolHandler ["http-nio-8080"]
17-Feb-2026 14:47:18.140 INFO [main] org.apache.catalina.startup.Catalina.start Server startup in [15428] milliseconds
17-Feb-2026 14:48:10.716 INFO [Thread-2] org.apache.coyote.AbstractProtocol.pause Pausing ProtocolHandler ["http-nio-8080"]
17-Feb-2026 14:48:10.742 INFO [Thread-2] org.apache.catalina.core.StandardService.stopInternal Stopping service [Catalina]
17-Feb-2026 14:48:10.826 INFO [Thread-1] org.jboss.weld.environment.se.WeldContainer.shutdown WELD-ENV-002001: Weld SE container acbd2a84-0a18-4545-a394-b19695464d88 shut down
17-Feb-2026 14:48:10.852 INFO [Thread-2] org.apache.coyote.AbstractProtocol.stop Stopping ProtocolHandler ["http-nio-8080"]
17-Feb-2026 14:48:10.861 INFO [Thread-2] org.apache.coyote.AbstractProtocol.destroy Destroying ProtocolHandler ["http-nio-8080"]
17-Feb-2026 14:48:15.798 INFO [main] org.apache.catalina.startup.VersionLoggerListener.log Server version name:   Apache Tomcat/11.0.15
17-Feb-2026 14:48:15.806 INFO [main] org.apache.catalina.startup.VersionLoggerListener.log Server built:          Dec 2 2025 16:32:48 UTC
17-Feb-2026 14:48:15.807 INFO [main] org.apache.catalina.startup.VersionLoggerListener.log Server version number: 11.0.15.0
17-Feb-2026 14:48:15.807 INFO [main] org.apache.catalina.startup.VersionLoggerListener.log OS Name:               Windows 11
17-Feb-2026 14:48:15.808 INFO [main] org.apache.catalina.startup.VersionLoggerListener.log OS Version:            10.0
17-Feb-2026 14:48:15.808 INFO [main] org.apache.catalina.startup.VersionLoggerListener.log Architecture:          amd64
17-Feb-2026 14:48:15.809 INFO [main] org.apache.catalina.startup.VersionLoggerListener.log Java Home:             C:\Program Files\AdoptOpenJDK\jdk-24.0.2
17-Feb-2026 14:48:15.810 INFO [main] org.apache.catalina.startup.VersionLoggerListener.log JVM Version:           24.0.2+12-54
17-Feb-2026 14:48:15.810 INFO [main] org.apache.catalina.startup.VersionLoggerListener.log JVM Vendor:            Oracle Corporation
17-Feb-2026 14:48:15.811 INFO [main] org.apache.catalina.startup.VersionLoggerListener.log CATALINA_BASE:         C:\Users\Sila\OneDrive - HE-ARC\Bureau\apache-tomcat-11.0.15
17-Feb-2026 14:48:15.812 INFO [main] org.apache.catalina.startup.VersionLoggerListener.log CATALINA_HOME:         C:\Users\Sila\OneDrive - HE-ARC\Bureau\apache-tomcat-11.0.15
17-Feb-2026 14:48:15.827 INFO [main] org.apache.catalina.startup.VersionLoggerListener.log Command line argument: -Djava.util.logging.config.file=C:\Users\Sila\OneDrive - HE-ARC\Bureau\apache-tomcat-11.0.15\conf\logging.properties
17-Feb-2026 14:48:15.827 INFO [main] org.apache.catalina.startup.VersionLoggerListener.log Command line argument: -Djava.util.logging.manager=org.apache.juli.ClassLoaderLogManager
17-Feb-2026 14:48:15.828 INFO [main] org.apache.catalina.startup.VersionLoggerListener.log Command line argument: -Djdk.tls.ephemeralDHKeySize=2048
17-Feb-2026 14:48:15.828 INFO [main] org.apache.catalina.startup.VersionLoggerListener.log Command line argument: --add-opens=java.base/java.lang=ALL-UNNAMED
17-Feb-2026 14:48:15.828 INFO [main] org.apache.catalina.startup.VersionLoggerListener.log Command line argument: --add-opens=java.base/java.lang.reflect=ALL-UNNAMED
17-Feb-2026 14:48:15.829 INFO [main] org.apache.catalina.startup.VersionLoggerListener.log Command line argument: --add-opens=java.base/java.io=ALL-UNNAMED
17-Feb-2026 14:48:15.829 INFO [main] org.apache.catalina.startup.VersionLoggerListener.log Command line argument: --add-opens=java.base/java.util=ALL-UNNAMED
17-Feb-2026 14:48:15.829 INFO [main] org.apache.catalina.startup.VersionLoggerListener.log Command line argument: --add-opens=java.base/java.util.concurrent=ALL-UNNAMED
17-Feb-2026 14:48:15.829 INFO [main] org.apache.catalina.startup.VersionLoggerListener.log Command line argument: --add-opens=java.rmi/sun.rmi.transport=ALL-UNNAMED
17-Feb-2026 14:48:15.830 INFO [main] org.apache.catalina.startup.VersionLoggerListener.log Command line argument: --enable-native-access=ALL-UNNAMED
17-Feb-2026 14:48:15.830 INFO [main] org.apache.catalina.startup.VersionLoggerListener.log Command line argument: -Dcatalina.base=C:\Users\Sila\OneDrive - HE-ARC\Bureau\apache-tomcat-11.0.15
17-Feb-2026 14:48:15.830 INFO [main] org.apache.catalina.startup.VersionLoggerListener.log Command line argument: -Dcatalina.home=C:\Users\Sila\OneDrive - HE-ARC\Bureau\apache-tomcat-11.0.15
17-Feb-2026 14:48:15.831 INFO [main] org.apache.catalina.startup.VersionLoggerListener.log Command line argument: -Djava.io.tmpdir=C:\Users\Sila\OneDrive - HE-ARC\Bureau\apache-tomcat-11.0.15\temp
17-Feb-2026 14:48:15.840 INFO [main] org.apache.catalina.core.AprLifecycleListener.lifecycleEvent The Apache Tomcat Native library which allows using OpenSSL was not found on the java.library.path: [C:\Program Files\AdoptOpenJDK\jdk-24.0.2\bin;C:\WINDOWS\Sun\Java\bin;C:\WINDOWS\system32;C:\WINDOWS;C:\Program Files\WindowsApps\Microsoft.PowerShell_7.5.4.0_x64__8wekyb3d8bbwe;C:\Program Files (x86)\VMware\VMware Workstation\bin\;C:\Program Files\AdoptOpenJDK\jdk-24.0.2\bin;c:\Oracle\SQLcl\bin;C:\WINDOWS\system32;C:\WINDOWS;C:\WINDOWS\System32\Wbem;C:\WINDOWS\System32\WindowsPowerShell\v1.0\;C:\WINDOWS\System32\OpenSSH\;C:\FPC\3.2.2\bin\i386-Win32;C:\Program Files\Git\cmd;C:\Program Files\nodejs\;C:\apache-maven-3.9.11\bin;;C:\Program Files\Docker\Docker\resources\bin;C:\Users\Sila\AppData\Local\Programs\Python\Launcher\;C:\Users\Sila\scoop\apps\python\current\Scripts;C:\Users\Sila\scoop\apps\python\current;C:\Users\Sila\scoop\shims;C:\Program Files\AdoptOpenJDK\jdk-24.0.2\bin;C:\Users\Sila\AppData\Local\Microsoft\WindowsApps;c:\users\sila\.local\bin;c:\users\sila\appdata\roaming\python\python312\scripts;C:\Users\Sila\AppData\Local\Microsoft\WindowsApps;C:\Users\Sila\AppData\Local\Programs\Microsoft VS Code\bin;C:\Users\Sila\AppData\Roaming\npm;C:\Users\Sila\AppData\Local\Microsoft\WinGet\Packages\SQLite.SQLite_Microsoft.Winget.Source_8wekyb3d8bbwe;C:\Users\Sila\AppData\Local\Microsoft\WinGet\Packages\Hashicorp.Terraform_Microsoft.Winget.Source_8wekyb3d8bbwe;;.]
17-Feb-2026 14:48:16.349 INFO [main] org.apache.coyote.AbstractProtocol.init Initializing ProtocolHandler ["http-nio-8080"]
17-Feb-2026 14:48:16.416 INFO [main] org.apache.catalina.startup.Catalina.load Server initialization in [954] milliseconds
17-Feb-2026 14:48:16.605 INFO [main] org.apache.catalina.core.StandardService.startInternal Starting service [Catalina]
17-Feb-2026 14:48:16.606 INFO [main] org.apache.catalina.core.StandardEngine.startInternal Starting Servlet engine: [Apache Tomcat/11.0.15]
17-Feb-2026 14:48:16.626 INFO [main] org.apache.catalina.startup.HostConfig.deployDirectory Deploying web application directory [C:\Users\Sila\OneDrive - HE-ARC\Bureau\apache-tomcat-11.0.15\webapps\docs]
17-Feb-2026 14:48:17.399 INFO [main] org.apache.catalina.startup.HostConfig.deployDirectory Deployment of web application directory [C:\Users\Sila\OneDrive - HE-ARC\Bureau\apache-tomcat-11.0.15\webapps\docs] has finished in [771] ms
17-Feb-2026 14:48:17.400 INFO [main] org.apache.catalina.startup.HostConfig.deployDirectory Deploying web application directory [C:\Users\Sila\OneDrive - HE-ARC\Bureau\apache-tomcat-11.0.15\webapps\examples]
17-Feb-2026 14:48:18.083 INFO [main] org.apache.catalina.startup.HostConfig.deployDirectory Deployment of web application directory [C:\Users\Sila\OneDrive - HE-ARC\Bureau\apache-tomcat-11.0.15\webapps\examples] has finished in [684] ms
17-Feb-2026 14:48:18.084 INFO [main] org.apache.catalina.startup.HostConfig.deployDirectory Deploying web application directory [C:\Users\Sila\OneDrive - HE-ARC\Bureau\apache-tomcat-11.0.15\webapps\host-manager]
17-Feb-2026 14:48:18.159 INFO [main] org.apache.catalina.startup.HostConfig.deployDirectory Deployment of web application directory [C:\Users\Sila\OneDrive - HE-ARC\Bureau\apache-tomcat-11.0.15\webapps\host-manager] has finished in [74] ms
17-Feb-2026 14:48:18.160 INFO [main] org.apache.catalina.startup.HostConfig.deployDirectory Deploying web application directory [C:\Users\Sila\OneDrive - HE-ARC\Bureau\apache-tomcat-11.0.15\webapps\manager]
17-Feb-2026 14:48:18.216 INFO [main] org.apache.catalina.startup.HostConfig.deployDirectory Deployment of web application directory [C:\Users\Sila\OneDrive - HE-ARC\Bureau\apache-tomcat-11.0.15\webapps\manager] has finished in [57] ms
17-Feb-2026 14:48:18.217 INFO [main] org.apache.catalina.startup.HostConfig.deployDirectory Deploying web application directory [C:\Users\Sila\OneDrive - HE-ARC\Bureau\apache-tomcat-11.0.15\webapps\ROOT]
17-Feb-2026 14:48:24.418 INFO [main] org.apache.jasper.servlet.TldScanner.scanJars At least one JAR was scanned for TLDs yet contained no TLDs. Enable debug logging for this logger for a complete list of JARs that were scanned but no TLDs were found in them. Skipping unneeded JARs during scanning can improve startup time and JSP compilation time.
17-Feb-2026 14:48:25.205 WARNING [main] org.glassfish.jersey.server.wadl.WadlFeature.configure JAXBContext implementation could not be found. WADL feature is disabled.
17-Feb-2026 14:48:25.756 INFO [main] org.jboss.weld.bootstrap.WeldStartup.<clinit> WELD-000900: 6.0.3 (Final)
17-Feb-2026 14:48:26.070 INFO [main] org.jboss.weld.environment.deployment.discovery.ReflectionDiscoveryStrategy.processAnnotatedDiscovery WELD-ENV-000014: Falling back to Java Reflection for bean-discovery-mode="annotated" discovery. Add io.smallrye:jandex to the classpath to speed-up startup.
17-Feb-2026 14:48:26.347 INFO [main] org.jboss.weld.bootstrap.WeldStartup.startContainer WELD-000101: Transactional services not available. Injection of @Inject UserTransaction not available. Transactional observers will be invoked synchronously.
17-Feb-2026 14:48:27.651 INFO [main] org.jboss.weld.environment.se.WeldContainer.fireContainerInitializedEvent WELD-ENV-002003: Weld SE container 8a228782-e65e-4979-9b2a-8adca89253d9 initialized
17-Feb-2026 14:48:27.968 INFO [main] org.apache.catalina.startup.HostConfig.deployDirectory Deployment of web application directory [C:\Users\Sila\OneDrive - HE-ARC\Bureau\apache-tomcat-11.0.15\webapps\ROOT] has finished in [9,750] ms
17-Feb-2026 14:48:27.969 INFO [main] org.apache.catalina.startup.HostConfig.deployDirectory Deploying web application directory [C:\Users\Sila\OneDrive - HE-ARC\Bureau\apache-tomcat-11.0.15\webapps\ROOT blabla]
17-Feb-2026 14:48:28.035 INFO [main] org.apache.catalina.startup.HostConfig.deployDirectory Deployment of web application directory [C:\Users\Sila\OneDrive - HE-ARC\Bureau\apache-tomcat-11.0.15\webapps\ROOT blabla] has finished in [65] ms
17-Feb-2026 14:48:28.052 INFO [main] org.apache.coyote.AbstractProtocol.start Starting ProtocolHandler ["http-nio-8080"]
17-Feb-2026 14:48:28.095 INFO [main] org.apache.catalina.startup.Catalina.start Server startup in [11673] milliseconds
