17-Feb-2026 14:47:05.001 INFO [main] org.apache.catalina.core.ApplicationContext.log ContextListener: contextInitialized()
17-Feb-2026 14:47:05.001 INFO [main] org.apache.catalina.core.ApplicationContext.log SessionListener: contextInitialized()
17-Feb-2026 14:47:05.006 INFO [main] org.apache.catalina.core.ApplicationContext.log ContextListener: attributeAdded('StockTicker', 'async.Stockticker@5b64c4b7')
17-Feb-2026 14:48:10.827 SEVERE [Thread-2] org.apache.catalina.core.ApplicationContext.log Servlet [com.example.backend.HelloApplication] threw unload() exception
	jakarta.servlet.ServletException: Servlet.destroy() for servlet [com.example.backend.HelloApplication] threw exception
		at org.apache.catalina.core.StandardWrapper.unload(StandardWrapper.java:939)
		at org.apache.catalina.core.StandardWrapper.stopInternal(StandardWrapper.java:1177)
		at org.apache.catalina.util.LifecycleBase.stop(LifecycleBase.java:235)
		at org.apache.catalina.core.StandardContext.stopInternal(StandardContext.java:4640)
		at org.apache.catalina.util.LifecycleBase.stop(LifecycleBase.java:235)
		at org.apache.catalina.core.ContainerBase$StopChild.call(ContainerBase.java:1172)
		at org.apache.catalina.core.ContainerBase$StopChild.call(ContainerBase.java:1167)
		at java.base/java.util.concurrent.FutureTask.run(FutureTask.java:328)
		at org.apache.tomcat.util.threads.InlineExecutorService.execute(InlineExecutorService.java:81)
		at java.base/java.util.concurrent.AbstractExecutorService.submit(AbstractExecutorService.java:148)
		at org.apache.catalina.core.ContainerBase.stopInternal(ContainerBase.java:779)
		at org.apache.catalina.util.LifecycleBase.stop(LifecycleBase.java:235)
		at org.apache.catalina.core.ContainerBase$StopChild.call(ContainerBase.java:1172)
		at org.apache.catalina.core.ContainerBase$StopChild.call(ContainerBase.java:1167)
		at java.base/java.util.concurrent.FutureTask.run(FutureTask.java:328)
		at org.apache.tomcat.util.threads.InlineExecutorService.execute(InlineExecutorService.java:81)
		at java.base/java.util.concurrent.AbstractExecutorService.submit(AbstractExecutorService.java:148)
		at org.apache.catalina.core.ContainerBase.stopInternal(ContainerBase.java:779)
		at org.apache.catalina.util.LifecycleBase.stop(LifecycleBase.java:235)
		at org.apache.catalina.core.StandardService.stopInternal(StandardService.java:466)
		at org.apache.catalina.util.LifecycleBase.stop(LifecycleBase.java:235)
		at org.apache.catalina.core.StandardServer.stopInternal(StandardServer.java:909)
		at org.apache.catalina.util.LifecycleBase.stop(LifecycleBase.java:235)
		at org.apache.catalina.startup.Catalina.stop(Catalina.java:831)
		at org.apache.catalina.startup.Catalina$CatalinaShutdownHook.run(Catalina.java:959)
	Caused by: java.lang.IllegalStateException: WELD-ENV-002002: Weld SE container acbd2a84-0a18-4545-a394-b19695464d88 was already shut down
		at org.jboss.weld.environment.se.WeldContainer.checkIsRunning(WeldContainer.java:398)
		at org.jboss.weld.environment.se.WeldContainer.shutdown(WeldContainer.java:313)
		at org.jboss.weld.environment.se.WeldContainer.close(WeldContainer.java:345)
		at org.glassfish.jersey.inject.cdi.se.CdiSeInjectionManager.shutdown(CdiSeInjectionManager.java:288)
		at org.glassfish.jersey.server.ApplicationHandler.onShutdown(ApplicationHandler.java:755)
		at org.glassfish.jersey.servlet.ServletContainer.destroy(ServletContainer.java:333)
		at org.apache.catalina.core.StandardWrapper.unload(StandardWrapper.java:933)
		... 24 more
17-Feb-2026 14:48:10.843 INFO [Thread-2] org.apache.catalina.core.ApplicationContext.log SessionListener: contextDestroyed()
17-Feb-2026 14:48:10.843 INFO [Thread-2] org.apache.catalina.core.ApplicationContext.log ContextListener: contextDestroyed()
17-Feb-2026 14:48:18.060 INFO [main] org.apache.catalina.core.ApplicationContext.log ContextListener: contextInitialized()
17-Feb-2026 14:48:18.060 INFO [main] org.apache.catalina.core.ApplicationContext.log SessionListener: contextInitialized()
17-Feb-2026 14:48:18.064 INFO [main] org.apache.catalina.core.ApplicationContext.log ContextListener: attributeAdded('StockTicker', 'async.Stockticker@47404bea')
