18-Feb-2026 11:13:33.445 SEVERE [Thread-2] org.apache.catalina.core.ApplicationContext.log Servlet [com.example.backend.HelloApplication] threw unload() exception
	jakarta.servlet.ServletException: Servlet.destroy() for servlet [com.example.backend.HelloApplication] threw exception
		at org.apache.catalina.core.StandardWrapper.unload(StandardWrapper.java:939)
		at org.apache.catalina.core.StandardWrapper.stopInternal(StandardWrapper.java:1177)
		at org.apache.catalina.util.LifecycleBase.stop(LifecycleBase.java:235)
		at org.apache.catalina.core.StandardContext.stopInternal(StandardContext.java:4640)
		at org.apache.catalina.util.LifecycleBase.stop(LifecycleBase.java:235)
		at org.apache.catalina.core.ContainerBase$StopChild.call(ContainerBase.java:1172)
		at org.apache.catalina.core.ContainerBase$StopChild.call(ContainerBase.java:1167)
		at java.base/java.util.concurrent.FutureTask.run(FutureTask.java:328)
		at org.apache.tomcat.util.threads.InlineExecutorService.execute(InlineExecutorService.java:81)
		at java.base/java.util.concurrent.AbstractExecutorService.submit(AbstractExecutorService.java:148)
		at org.apache.catalina.core.ContainerBase.stopInternal(ContainerBase.java:779)
		at org.apache.catalina.util.LifecycleBase.stop(LifecycleBase.java:235)
		at org.apache.catalina.core.ContainerBase$StopChild.call(ContainerBase.java:1172)
		at org.apache.catalina.core.ContainerBase$StopChild.call(ContainerBase.java:1167)
		at java.base/java.util.concurrent.FutureTask.run(FutureTask.java:328)
		at org.apache.tomcat.util.threads.InlineExecutorService.execute(InlineExecutorService.java:81)
		at java.base/java.util.concurrent.AbstractExecutorService.submit(AbstractExecutorService.java:148)
		at org.apache.catalina.core.ContainerBase.stopInternal(ContainerBase.java:779)
		at org.apache.catalina.util.LifecycleBase.stop(LifecycleBase.java:235)
		at org.apache.catalina.core.StandardService.stopInternal(StandardService.java:466)
		at org.apache.catalina.util.LifecycleBase.stop(LifecycleBase.java:235)
		at org.apache.catalina.core.StandardServer.stopInternal(StandardServer.java:909)
		at org.apache.catalina.util.LifecycleBase.stop(LifecycleBase.java:235)
		at org.apache.catalina.startup.Catalina.stop(Catalina.java:831)
		at org.apache.catalina.startup.Catalina$CatalinaShutdownHook.run(Catalina.java:959)
	Caused by: java.lang.IllegalStateException: WELD-ENV-002002: Weld SE container 8a228782-e65e-4979-9b2a-8adca89253d9 was already shut down
		at org.jboss.weld.environment.se.WeldContainer.checkIsRunning(WeldContainer.java:398)
		at org.jboss.weld.environment.se.WeldContainer.shutdown(WeldContainer.java:313)
		at org.jboss.weld.environment.se.WeldContainer.close(WeldContainer.java:345)
		at org.glassfish.jersey.inject.cdi.se.CdiSeInjectionManager.shutdown(CdiSeInjectionManager.java:288)
		at org.glassfish.jersey.server.ApplicationHandler.onShutdown(ApplicationHandler.java:755)
		at org.glassfish.jersey.servlet.ServletContainer.destroy(ServletContainer.java:333)
		at org.apache.catalina.core.StandardWrapper.unload(StandardWrapper.java:933)
		... 24 more
18-Feb-2026 11:13:33.799 INFO [Thread-2] org.apache.catalina.core.ApplicationContext.log SessionListener: contextDestroyed()
18-Feb-2026 11:13:33.799 INFO [Thread-2] org.apache.catalina.core.ApplicationContext.log ContextListener: contextDestroyed()
18-Feb-2026 11:13:40.786 INFO [main] org.apache.catalina.core.ApplicationContext.log ContextListener: contextInitialized()
18-Feb-2026 11:13:40.786 INFO [main] org.apache.catalina.core.ApplicationContext.log SessionListener: contextInitialized()
18-Feb-2026 11:13:40.790 INFO [main] org.apache.catalina.core.ApplicationContext.log ContextListener: attributeAdded('StockTicker', 'async.Stockticker@47404bea')
18-Feb-2026 11:17:04.318 SEVERE [Thread-2] org.apache.catalina.core.ApplicationContext.log Servlet [com.example.backend.HelloApplication] threw unload() exception
	jakarta.servlet.ServletException: Servlet.destroy() for servlet [com.example.backend.HelloApplication] threw exception
		at org.apache.catalina.core.StandardWrapper.unload(StandardWrapper.java:939)
		at org.apache.catalina.core.StandardWrapper.stopInternal(StandardWrapper.java:1177)
		at org.apache.catalina.util.LifecycleBase.stop(LifecycleBase.java:235)
		at org.apache.catalina.core.StandardContext.stopInternal(StandardContext.java:4640)
		at org.apache.catalina.util.LifecycleBase.stop(LifecycleBase.java:235)
		at org.apache.catalina.core.ContainerBase$StopChild.call(ContainerBase.java:1172)
		at org.apache.catalina.core.ContainerBase$StopChild.call(ContainerBase.java:1167)
		at java.base/java.util.concurrent.FutureTask.run(FutureTask.java:328)
		at org.apache.tomcat.util.threads.InlineExecutorService.execute(InlineExecutorService.java:81)
		at java.base/java.util.concurrent.AbstractExecutorService.submit(AbstractExecutorService.java:148)
		at org.apache.catalina.core.ContainerBase.stopInternal(ContainerBase.java:779)
		at org.apache.catalina.util.LifecycleBase.stop(LifecycleBase.java:235)
		at org.apache.catalina.core.ContainerBase$StopChild.call(ContainerBase.java:1172)
		at org.apache.catalina.core.ContainerBase$StopChild.call(ContainerBase.java:1167)
		at java.base/java.util.concurrent.FutureTask.run(FutureTask.java:328)
		at org.apache.tomcat.util.threads.InlineExecutorService.execute(InlineExecutorService.java:81)
		at java.base/java.util.concurrent.AbstractExecutorService.submit(AbstractExecutorService.java:148)
		at org.apache.catalina.core.ContainerBase.stopInternal(ContainerBase.java:779)
		at org.apache.catalina.util.LifecycleBase.stop(LifecycleBase.java:235)
		at org.apache.catalina.core.StandardService.stopInternal(StandardService.java:466)
		at org.apache.catalina.util.LifecycleBase.stop(LifecycleBase.java:235)
		at org.apache.catalina.core.StandardServer.stopInternal(StandardServer.java:909)
		at org.apache.catalina.util.LifecycleBase.stop(LifecycleBase.java:235)
		at org.apache.catalina.startup.Catalina.stop(Catalina.java:831)
		at org.apache.catalina.startup.Catalina$CatalinaShutdownHook.run(Catalina.java:959)
	Caused by: java.lang.IllegalStateException: WELD-ENV-002002: Weld SE container 417cdf20-0e33-4d6d-9e77-c864a027bcd4 was already shut down
		at org.jboss.weld.environment.se.WeldContainer.checkIsRunning(WeldContainer.java:398)
		at org.jboss.weld.environment.se.WeldContainer.shutdown(WeldContainer.java:313)
		at org.jboss.weld.environment.se.WeldContainer.close(WeldContainer.java:345)
		at org.glassfish.jersey.inject.cdi.se.CdiSeInjectionManager.shutdown(CdiSeInjectionManager.java:288)
		at org.glassfish.jersey.server.ApplicationHandler.onShutdown(ApplicationHandler.java:755)
		at org.glassfish.jersey.servlet.ServletContainer.destroy(ServletContainer.java:333)
		at org.apache.catalina.core.StandardWrapper.unload(StandardWrapper.java:933)
		... 24 more
18-Feb-2026 11:17:04.328 INFO [Thread-2] org.apache.catalina.core.ApplicationContext.log SessionListener: contextDestroyed()
18-Feb-2026 11:17:04.328 INFO [Thread-2] org.apache.catalina.core.ApplicationContext.log ContextListener: contextDestroyed()
